This file contains any messages produced by compilers while
running configure, to aid debugging if configure makes a mistake.

It was created by usip configure 1.0.0, which was
generated by GNU Autoconf 2.69.  Invocation command line was

  $ ./configure --no-create --no-recursion

## --------- ##
## Platform. ##
## --------- ##

hostname = pluto
uname -m = x86_64
uname -r = 4.15.14-300.fc27.x86_64
uname -s = Linux
uname -v = #1 SMP Thu Mar 29 16:13:44 UTC 2018

/usr/bin/uname -p = x86_64
/bin/uname -X     = unknown

/bin/arch              = x86_64
/usr/bin/arch -k       = unknown
/usr/convex/getsysinfo = unknown
/usr/bin/hostinfo      = unknown
/bin/machine           = unknown
/usr/bin/oslevel       = unknown
/bin/universe          = unknown

PATH: /usr/local/bin
PATH: /usr/local/sbin
PATH: /usr/bin
PATH: /usr/sbin
PATH: /home/raven/.local/bin
PATH: /home/raven/bin
PATH: /usr/local/x-tools/x86_64-QNAP-linux-gnu/bin


## ----------- ##
## Core tests. ##
## ----------- ##

configure:2462: checking for a BSD-compatible install
configure:2530: result: /usr/bin/install -c
configure:2541: checking whether build environment is sane
configure:2596: result: yes
configure:2747: checking for a thread-safe mkdir -p
configure:2786: result: /usr/bin/mkdir -p
configure:2793: checking for gawk
configure:2809: found /usr/bin/gawk
configure:2820: result: gawk
configure:2831: checking whether make sets $(MAKE)
configure:2853: result: yes
configure:2882: checking whether make supports nested variables
configure:2899: result: yes
configure:3085: checking for g++
configure:3101: found /usr/bin/g++
configure:3112: result: g++
configure:3139: checking for C++ compiler version
configure:3148: g++ --version >&5
g++ (GCC) 7.3.1 20180303 (Red Hat 7.3.1-5)
Copyright (C) 2017 Free Software Foundation, Inc.
This is free software; see the source for copying conditions.  There is NO
warranty; not even for MERCHANTABILITY or FITNESS FOR A PARTICULAR PURPOSE.

configure:3159: $? = 0
configure:3148: g++ -v >&5
Using built-in specs.
COLLECT_GCC=g++
COLLECT_LTO_WRAPPER=/usr/libexec/gcc/x86_64-redhat-linux/7/lto-wrapper
OFFLOAD_TARGET_NAMES=nvptx-none
OFFLOAD_TARGET_DEFAULT=1
Target: x86_64-redhat-linux
Configured with: ../configure --enable-bootstrap --enable-languages=c,c++,objc,obj-c++,fortran,ada,go,lto --prefix=/usr --mandir=/usr/share/man --infodir=/usr/share/info --with-bugurl=http://bugzilla.redhat.com/bugzilla --enable-shared --enable-threads=posix --enable-checking=release --enable-multilib --with-system-zlib --enable-__cxa_atexit --disable-libunwind-exceptions --enable-gnu-unique-object --enable-linker-build-id --with-gcc-major-version-only --with-linker-hash-style=gnu --enable-plugin --enable-initfini-array --with-isl --enable-libmpx --enable-offload-targets=nvptx-none --without-cuda-driver --enable-gnu-indirect-function --with-tune=generic --with-arch_32=i686 --build=x86_64-redhat-linux
Thread model: posix
gcc version 7.3.1 20180303 (Red Hat 7.3.1-5) (GCC) 
configure:3159: $? = 0
configure:3148: g++ -V >&5
g++: error: unrecognized command line option '-V'
g++: fatal error: no input files
compilation terminated.
configure:3159: $? = 1
configure:3148: g++ -qversion >&5
g++: error: unrecognized command line option '-qversion'; did you mean '--version'?
g++: fatal error: no input files
compilation terminated.
configure:3159: $? = 1
configure:3179: checking whether the C++ compiler works
configure:3201: g++    conftest.cpp  >&5
configure:3205: $? = 0
configure:3253: result: yes
configure:3256: checking for C++ compiler default output file name
configure:3258: result: a.out
configure:3264: checking for suffix of executables
configure:3271: g++ -o conftest    conftest.cpp  >&5
configure:3275: $? = 0
configure:3297: result: 
configure:3319: checking whether we are cross compiling
configure:3327: g++ -o conftest    conftest.cpp  >&5
configure:3331: $? = 0
configure:3338: ./conftest
configure:3342: $? = 0
configure:3357: result: no
configure:3362: checking for suffix of object files
configure:3384: g++ -c   conftest.cpp >&5
configure:3388: $? = 0
configure:3409: result: o
configure:3413: checking whether we are using the GNU C++ compiler
configure:3432: g++ -c   conftest.cpp >&5
configure:3432: $? = 0
configure:3441: result: yes
configure:3450: checking whether g++ accepts -g
configure:3470: g++ -c -g  conftest.cpp >&5
configure:3470: $? = 0
configure:3511: result: yes
configure:3545: checking for style of include used by make
configure:3573: result: GNU
configure:3599: checking dependency style of g++
configure:3710: result: gcc3
configure:3729: checking for gawk
configure:3756: result: gawk
configure:3815: checking for gcc
configure:3831: found /usr/bin/gcc
configure:3842: result: gcc
configure:4071: checking for C compiler version
configure:4080: gcc --version >&5
gcc (GCC) 7.3.1 20180303 (Red Hat 7.3.1-5)
Copyright (C) 2017 Free Software Foundation, Inc.
This is free software; see the source for copying conditions.  There is NO
warranty; not even for MERCHANTABILITY or FITNESS FOR A PARTICULAR PURPOSE.

configure:4091: $? = 0
configure:4080: gcc -v >&5
Using built-in specs.
COLLECT_GCC=gcc
COLLECT_LTO_WRAPPER=/usr/libexec/gcc/x86_64-redhat-linux/7/lto-wrapper
OFFLOAD_TARGET_NAMES=nvptx-none
OFFLOAD_TARGET_DEFAULT=1
Target: x86_64-redhat-linux
Configured with: ../configure --enable-bootstrap --enable-languages=c,c++,objc,obj-c++,fortran,ada,go,lto --prefix=/usr --mandir=/usr/share/man --infodir=/usr/share/info --with-bugurl=http://bugzilla.redhat.com/bugzilla --enable-shared --enable-threads=posix --enable-checking=release --enable-multilib --with-system-zlib --enable-__cxa_atexit --disable-libunwind-exceptions --enable-gnu-unique-object --enable-linker-build-id --with-gcc-major-version-only --with-linker-hash-style=gnu --enable-plugin --enable-initfini-array --with-isl --enable-libmpx --enable-offload-targets=nvptx-none --without-cuda-driver --enable-gnu-indirect-function --with-tune=generic --with-arch_32=i686 --build=x86_64-redhat-linux
Thread model: posix
gcc version 7.3.1 20180303 (Red Hat 7.3.1-5) (GCC) 
configure:4091: $? = 0
configure:4080: gcc -V >&5
gcc: error: unrecognized command line option '-V'
gcc: fatal error: no input files
compilation terminated.
configure:4091: $? = 1
configure:4080: gcc -qversion >&5
gcc: error: unrecognized command line option '-qversion'; did you mean '--version'?
gcc: fatal error: no input files
compilation terminated.
configure:4091: $? = 1
configure:4095: checking whether we are using the GNU C compiler
configure:4114: gcc -c   conftest.c >&5
configure:4114: $? = 0
configure:4123: result: yes
configure:4132: checking whether gcc accepts -g
configure:4152: gcc -c -g  conftest.c >&5
configure:4152: $? = 0
configure:4193: result: yes
configure:4210: checking for gcc option to accept ISO C89
configure:4273: gcc  -c -g -O2  conftest.c >&5
configure:4273: $? = 0
configure:4286: result: none needed
configure:4311: checking whether gcc understands -c and -o together
configure:4333: gcc -c conftest.c -o conftest2.o
configure:4336: $? = 0
configure:4333: gcc -c conftest.c -o conftest2.o
configure:4336: $? = 0
configure:4348: result: yes
configure:4367: checking dependency style of gcc
configure:4478: result: gcc3
configure:4498: checking how to run the C preprocessor
configure:4529: gcc -E  conftest.c
configure:4529: $? = 0
configure:4543: gcc -E  conftest.c
conftest.c:11:10: fatal error: ac_nonexistent.h: No such file or directory
 #include <ac_nonexistent.h>
          ^~~~~~~~~~~~~~~~~~
compilation terminated.
configure:4543: $? = 1
configure: failed program was:
| /* confdefs.h */
| #define PACKAGE_NAME "usip"
| #define PACKAGE_TARNAME "usip"
| #define PACKAGE_VERSION "1.0.0"
| #define PACKAGE_STRING "usip 1.0.0"
| #define PACKAGE_BUGREPORT ""
| #define PACKAGE_URL ""
| #define PACKAGE "usip"
| #define VERSION "1.0.0"
| /* end confdefs.h.  */
| #include <ac_nonexistent.h>
configure:4568: result: gcc -E
configure:4588: gcc -E  conftest.c
configure:4588: $? = 0
configure:4602: gcc -E  conftest.c
conftest.c:11:10: fatal error: ac_nonexistent.h: No such file or directory
 #include <ac_nonexistent.h>
          ^~~~~~~~~~~~~~~~~~
compilation terminated.
configure:4602: $? = 1
configure: failed program was:
| /* confdefs.h */
| #define PACKAGE_NAME "usip"
| #define PACKAGE_TARNAME "usip"
| #define PACKAGE_VERSION "1.0.0"
| #define PACKAGE_STRING "usip 1.0.0"
| #define PACKAGE_BUGREPORT ""
| #define PACKAGE_URL ""
| #define PACKAGE "usip"
| #define VERSION "1.0.0"
| /* end confdefs.h.  */
| #include <ac_nonexistent.h>
configure:4631: checking whether ln -s works
configure:4635: result: yes
configure:4642: checking whether make sets $(MAKE)
configure:4664: result: yes
configure:4723: checking for ar
configure:4739: found /usr/bin/ar
configure:4750: result: ar
configure:4776: checking the archiver (ar) interface
configure:4792: gcc -c -g -O2  conftest.c >&5
configure:4792: $? = 0
configure:4794: ar cru libconftest.a conftest.o >&5
configure:4797: $? = 0
configure:4825: result: ar
configure:4874: checking build system type
configure:4888: result: x86_64-pc-linux-gnu
configure:4908: checking host system type
configure:4921: result: x86_64-pc-linux-gnu
configure:4962: checking how to print strings
configure:4989: result: printf
configure:5010: checking for a sed that does not truncate output
configure:5074: result: /usr/bin/sed
configure:5092: checking for grep that handles long lines and -e
configure:5150: result: /usr/bin/grep
configure:5155: checking for egrep
configure:5217: result: /usr/bin/grep -E
configure:5222: checking for fgrep
configure:5284: result: /usr/bin/grep -F
configure:5319: checking for ld used by gcc
configure:5386: result: /usr/bin/ld
configure:5393: checking if the linker (/usr/bin/ld) is GNU ld
configure:5408: result: yes
configure:5420: checking for BSD- or MS-compatible name lister (nm)
configure:5474: result: /usr/bin/nm -B
configure:5604: checking the name lister (/usr/bin/nm -B) interface
configure:5611: gcc -c -g -O2  conftest.c >&5
configure:5614: /usr/bin/nm -B "conftest.o"
configure:5617: output
0000000000000000 B some_variable
configure:5624: result: BSD nm
configure:5628: checking the maximum length of command line arguments
configure:5759: result: 1572864
configure:5807: checking how to convert x86_64-pc-linux-gnu file names to x86_64-pc-linux-gnu format
configure:5847: result: func_convert_file_noop
configure:5854: checking how to convert x86_64-pc-linux-gnu file names to toolchain format
configure:5874: result: func_convert_file_noop
configure:5881: checking for /usr/bin/ld option to reload object files
configure:5888: result: -r
configure:5962: checking for objdump
configure:5978: found /usr/bin/objdump
configure:5989: result: objdump
configure:6021: checking how to recognize dependent libraries
configure:6221: result: pass_all
configure:6306: checking for dlltool
configure:6336: result: no
configure:6366: checking how to associate runtime and link libraries
configure:6393: result: printf %s\n
configure:6517: checking for archiver @FILE support
configure:6534: gcc -c -g -O2  conftest.c >&5
configure:6534: $? = 0
configure:6537: ar cru libconftest.a @conftest.lst >&5
configure:6540: $? = 0
configure:6545: ar cru libconftest.a @conftest.lst >&5
ar: conftest.o: No such file or directory
configure:6548: $? = 1
configure:6560: result: @
configure:6618: checking for strip
configure:6634: found /usr/bin/strip
configure:6645: result: strip
configure:6717: checking for ranlib
configure:6733: found /usr/bin/ranlib
configure:6744: result: ranlib
configure:6846: checking command to parse /usr/bin/nm -B output from gcc object
configure:6999: gcc -c -g -O2  conftest.c >&5
configure:7002: $? = 0
configure:7006: /usr/bin/nm -B conftest.o \| sed -n -e 's/^.*[ ]\([ABCDGIRSTW][ABCDGIRSTW]*\)[ ][ ]*\([_A-Za-z][_A-Za-z0-9]*\)$/\1 \2 \2/p' | sed '/ __gnu_lto/d' \> conftest.nm
configure:7009: $? = 0
configure:7075: gcc -o conftest -g -O2   conftest.c conftstm.o >&5
configure:7078: $? = 0
configure:7116: result: ok
configure:7163: checking for sysroot
configure:7193: result: no
configure:7200: checking for a working dd
configure:7238: result: /usr/bin/dd
configure:7242: checking how to truncate binary pipes
configure:7257: result: /usr/bin/dd bs=4096 count=1
configure:7393: gcc -c -g -O2  conftest.c >&5
configure:7396: $? = 0
configure:7586: checking for mt
configure:7616: result: no
configure:7636: checking if : is a manifest tool
configure:7642: : '-?'
configure:7650: result: no
configure:8323: checking for ANSI C header files
configure:8343: gcc -c -g -O2  conftest.c >&5
configure:8343: $? = 0
configure:8416: gcc -o conftest -g -O2   conftest.c  >&5
configure:8416: $? = 0
configure:8416: ./conftest
configure:8416: $? = 0
configure:8427: result: yes
configure:8440: checking for sys/types.h
configure:8440: gcc -c -g -O2  conftest.c >&5
configure:8440: $? = 0
configure:8440: result: yes
configure:8440: checking for sys/stat.h
configure:8440: gcc -c -g -O2  conftest.c >&5
configure:8440: $? = 0
configure:8440: result: yes
configure:8440: checking for stdlib.h
configure:8440: gcc -c -g -O2  conftest.c >&5
configure:8440: $? = 0
configure:8440: result: yes
configure:8440: checking for string.h
configure:8440: gcc -c -g -O2  conftest.c >&5
configure:8440: $? = 0
configure:8440: result: yes
configure:8440: checking for memory.h
configure:8440: gcc -c -g -O2  conftest.c >&5
configure:8440: $? = 0
configure:8440: result: yes
configure:8440: checking for strings.h
configure:8440: gcc -c -g -O2  conftest.c >&5
configure:8440: $? = 0
configure:8440: result: yes
configure:8440: checking for inttypes.h
configure:8440: gcc -c -g -O2  conftest.c >&5
configure:8440: $? = 0
configure:8440: result: yes
configure:8440: checking for stdint.h
configure:8440: gcc -c -g -O2  conftest.c >&5
configure:8440: $? = 0
configure:8440: result: yes
configure:8440: checking for unistd.h
configure:8440: gcc -c -g -O2  conftest.c >&5
configure:8440: $? = 0
configure:8440: result: yes
configure:8454: checking for dlfcn.h
configure:8454: gcc -c -g -O2  conftest.c >&5
configure:8454: $? = 0
configure:8454: result: yes
configure:8721: checking for objdir
configure:8736: result: .libs
configure:9000: checking if gcc supports -fno-rtti -fno-exceptions
configure:9018: gcc -c -g -O2  -fno-rtti -fno-exceptions conftest.c >&5
cc1: warning: command line option '-fno-rtti' is valid for C++/ObjC++ but not for C
configure:9022: $? = 0
configure:9035: result: no
configure:9393: checking for gcc option to produce PIC
configure:9400: result: -fPIC -DPIC
configure:9408: checking if gcc PIC flag -fPIC -DPIC works
configure:9426: gcc -c -g -O2  -fPIC -DPIC -DPIC conftest.c >&5
configure:9430: $? = 0
configure:9443: result: yes
configure:9472: checking if gcc static flag -static works
configure:9500: result: no
configure:9515: checking if gcc supports -c -o file.o
configure:9536: gcc -c -g -O2  -o out/conftest2.o conftest.c >&5
configure:9540: $? = 0
configure:9562: result: yes
configure:9570: checking if gcc supports -c -o file.o
configure:9617: result: yes
configure:9650: checking whether the gcc linker (/usr/bin/ld -m elf_x86_64) supports shared libraries
configure:10909: result: yes
configure:10946: checking whether -lc should be explicitly linked in
configure:10954: gcc -c -g -O2  conftest.c >&5
configure:10957: $? = 0
configure:10972: gcc -shared  -fPIC -DPIC conftest.o  -v -Wl,-soname -Wl,conftest -o conftest 2\>\&1 \| /usr/bin/grep  -lc  \>/dev/null 2\>\&1
configure:10975: $? = 0
configure:10989: result: no
configure:11149: checking dynamic linker characteristics
configure:11730: gcc -o conftest -g -O2   -Wl,-rpath -Wl,/foo conftest.c  >&5
configure:11730: $? = 0
configure:11970: result: GNU/Linux ld.so
configure:12092: checking how to hardcode library paths into programs
configure:12117: result: immediate
configure:12665: checking whether stripping libraries is possible
configure:12670: result: yes
configure:12705: checking if libtool supports shared libraries
configure:12707: result: yes
configure:12710: checking whether to build shared libraries
configure:12735: result: yes
configure:12738: checking whether to build static libraries
configure:12742: result: yes
configure:12765: checking how to run the C++ preprocessor
configure:12792: g++ -E  conftest.cpp
configure:12792: $? = 0
configure:12806: g++ -E  conftest.cpp
conftest.cpp:23:10: fatal error: ac_nonexistent.h: No such file or directory
 #include <ac_nonexistent.h>
          ^~~~~~~~~~~~~~~~~~
compilation terminated.
configure:12806: $? = 1
configure: failed program was:
| /* confdefs.h */
| #define PACKAGE_NAME "usip"
| #define PACKAGE_TARNAME "usip"
| #define PACKAGE_VERSION "1.0.0"
| #define PACKAGE_STRING "usip 1.0.0"
| #define PACKAGE_BUGREPORT ""
| #define PACKAGE_URL ""
| #define PACKAGE "usip"
| #define VERSION "1.0.0"
| #define STDC_HEADERS 1
| #define HAVE_SYS_TYPES_H 1
| #define HAVE_SYS_STAT_H 1
| #define HAVE_STDLIB_H 1
| #define HAVE_STRING_H 1
| #define HAVE_MEMORY_H 1
| #define HAVE_STRINGS_H 1
| #define HAVE_INTTYPES_H 1
| #define HAVE_STDINT_H 1
| #define HAVE_UNISTD_H 1
| #define HAVE_DLFCN_H 1
| #define LT_OBJDIR ".libs/"
| /* end confdefs.h.  */
| #include <ac_nonexistent.h>
configure:12831: result: g++ -E
configure:12851: g++ -E  conftest.cpp
configure:12851: $? = 0
configure:12865: g++ -E  conftest.cpp
conftest.cpp:23:10: fatal error: ac_nonexistent.h: No such file or directory
 #include <ac_nonexistent.h>
          ^~~~~~~~~~~~~~~~~~
compilation terminated.
configure:12865: $? = 1
configure: failed program was:
| /* confdefs.h */
| #define PACKAGE_NAME "usip"
| #define PACKAGE_TARNAME "usip"
| #define PACKAGE_VERSION "1.0.0"
| #define PACKAGE_STRING "usip 1.0.0"
| #define PACKAGE_BUGREPORT ""
| #define PACKAGE_URL ""
| #define PACKAGE "usip"
| #define VERSION "1.0.0"
| #define STDC_HEADERS 1
| #define HAVE_SYS_TYPES_H 1
| #define HAVE_SYS_STAT_H 1
| #define HAVE_STDLIB_H 1
| #define HAVE_STRING_H 1
| #define HAVE_MEMORY_H 1
| #define HAVE_STRINGS_H 1
| #define HAVE_INTTYPES_H 1
| #define HAVE_STDINT_H 1
| #define HAVE_UNISTD_H 1
| #define HAVE_DLFCN_H 1
| #define LT_OBJDIR ".libs/"
| /* end confdefs.h.  */
| #include <ac_nonexistent.h>
configure:13027: checking for ld used by g++
configure:13094: result: /usr/bin/ld -m elf_x86_64
configure:13101: checking if the linker (/usr/bin/ld -m elf_x86_64) is GNU ld
configure:13116: result: yes
configure:13171: checking whether the g++ linker (/usr/bin/ld -m elf_x86_64) supports shared libraries
configure:14244: result: yes
configure:14280: g++ -c -g -O2  conftest.cpp >&5
configure:14283: $? = 0
configure:14764: checking for g++ option to produce PIC
configure:14771: result: -fPIC -DPIC
configure:14779: checking if g++ PIC flag -fPIC -DPIC works
configure:14797: g++ -c -g -O2  -fPIC -DPIC -DPIC conftest.cpp >&5
configure:14801: $? = 0
configure:14814: result: yes
configure:14837: checking if g++ static flag -static works
configure:14865: result: no
configure:14877: checking if g++ supports -c -o file.o
configure:14898: g++ -c -g -O2  -o out/conftest2.o conftest.cpp >&5
configure:14902: $? = 0
configure:14924: result: yes
configure:14929: checking if g++ supports -c -o file.o
configure:14976: result: yes
configure:15006: checking whether the g++ linker (/usr/bin/ld -m elf_x86_64) supports shared libraries
configure:15046: result: yes
configure:15187: checking dynamic linker characteristics
configure:15935: result: GNU/Linux ld.so
configure:16000: checking how to hardcode library paths into programs
configure:16025: result: immediate
configure:16140: checking for pkg-config
configure:16158: found /usr/bin/pkg-config
configure:16170: result: /usr/bin/pkg-config
configure:16195: checking pkg-config is at least version 0.9.0
configure:16198: result: yes
configure:16210: checking for LIBNL
configure:16217: $PKG_CONFIG --exists --print-errors "libnl-genl-3.0"
configure:16220: $? = 0
configure:16234: $PKG_CONFIG --exists --print-errors "libnl-genl-3.0"
configure:16237: $? = 0
configure:16295: result: yes
configure:16299: checking for pthread_create in -lpthread
configure:16324: gcc -o conftest -g -O2   conftest.c -lpthread   >&5
configure:16324: $? = 0
configure:16333: result: yes
configure:16349: checking fcntl.h usability
configure:16349: gcc -c -g -O2  conftest.c >&5
configure:16349: $? = 0
configure:16349: result: yes
configure:16349: checking fcntl.h presence
configure:16349: gcc -E  conftest.c
configure:16349: $? = 0
configure:16349: result: yes
configure:16349: checking for fcntl.h
configure:16349: result: yes
configure:16349: checking for stdlib.h
configure:16349: result: yes
configure:16349: checking errno.h usability
configure:16349: gcc -c -g -O2  conftest.c >&5
configure:16349: $? = 0
configure:16349: result: yes
configure:16349: checking errno.h presence
configure:16349: gcc -E  conftest.c
configure:16349: $? = 0
configure:16349: result: yes
configure:16349: checking for errno.h
configure:16349: result: yes
configure:16349: checking for string.h
configure:16349: result: yes
configure:16349: checking for unistd.h
configure:16349: result: yes
configure:16349: checking stdbool.h usability
configure:16349: gcc -c -g -O2  conftest.c >&5
configure:16349: $? = 0
configure:16349: result: yes
configure:16349: checking stdbool.h presence
configure:16349: gcc -E  conftest.c
configure:16349: $? = 0
configure:16349: result: yes
configure:16349: checking for stdbool.h
configure:16349: result: yes
configure:16361: checking for uint32_t
configure:16361: gcc -c -g -O2  conftest.c >&5
configure:16361: $? = 0
configure:16361: result: yes
configure:16375: checking for uint8_t
configure:16375: gcc -c -g -O2  conftest.c >&5
configure:16375: $? = 0
configure:16375: result: yes
configure:16392: checking for stdlib.h
configure:16392: result: yes
configure:16402: checking for GNU libc compatible malloc
configure:16426: gcc -o conftest -g -O2   conftest.c -lpthread  >&5
configure:16426: $? = 0
configure:16426: ./conftest
configure:16426: $? = 0
configure:16436: result: yes
configure:16459: checking for strerror
configure:16459: gcc -o conftest -g -O2   conftest.c -lpthread  >&5
configure:16459: $? = 0
configure:16459: result: yes
configure:16580: checking that generated files are newer than configure
configure:16586: result: done
configure:16613: creating ./config.status
configure:19134: checking that generated files are newer than configure
configure:19140: result: done
configure:19171: creating ./config.status

## ---------------- ##
## Cache variables. ##
## ---------------- ##

ac_cv_build=x86_64-pc-linux-gnu
ac_cv_c_compiler_gnu=yes
ac_cv_c_uint32_t=yes
ac_cv_c_uint8_t=yes
ac_cv_cxx_compiler_gnu=yes
ac_cv_env_CCC_set=
ac_cv_env_CCC_value=
ac_cv_env_CC_set=
ac_cv_env_CC_value=
ac_cv_env_CFLAGS_set=
ac_cv_env_CFLAGS_value=
ac_cv_env_CPPFLAGS_set=
ac_cv_env_CPPFLAGS_value=
ac_cv_env_CPP_set=
ac_cv_env_CPP_value=
ac_cv_env_CXXCPP_set=
ac_cv_env_CXXCPP_value=
ac_cv_env_CXXFLAGS_set=
ac_cv_env_CXXFLAGS_value=
ac_cv_env_CXX_set=
ac_cv_env_CXX_value=
ac_cv_env_LDFLAGS_set=
ac_cv_env_LDFLAGS_value=
ac_cv_env_LIBNL_CFLAGS_set=
ac_cv_env_LIBNL_CFLAGS_value=
ac_cv_env_LIBNL_LIBS_set=
ac_cv_env_LIBNL_LIBS_value=
ac_cv_env_LIBS_set=
ac_cv_env_LIBS_value=
ac_cv_env_LT_SYS_LIBRARY_PATH_set=
ac_cv_env_LT_SYS_LIBRARY_PATH_value=
ac_cv_env_PKG_CONFIG_LIBDIR_set=
ac_cv_env_PKG_CONFIG_LIBDIR_value=
ac_cv_env_PKG_CONFIG_PATH_set=
ac_cv_env_PKG_CONFIG_PATH_value=
ac_cv_env_PKG_CONFIG_set=
ac_cv_env_PKG_CONFIG_value=
ac_cv_env_build_alias_set=
ac_cv_env_build_alias_value=
ac_cv_env_host_alias_set=
ac_cv_env_host_alias_value=
ac_cv_env_target_alias_set=
ac_cv_env_target_alias_value=
ac_cv_func_malloc_0_nonnull=yes
ac_cv_func_strerror=yes
ac_cv_header_dlfcn_h=yes
ac_cv_header_errno_h=yes
ac_cv_header_fcntl_h=yes
ac_cv_header_inttypes_h=yes
ac_cv_header_memory_h=yes
ac_cv_header_stdbool_h=yes
ac_cv_header_stdc=yes
ac_cv_header_stdint_h=yes
ac_cv_header_stdlib_h=yes
ac_cv_header_string_h=yes
ac_cv_header_strings_h=yes
ac_cv_header_sys_stat_h=yes
ac_cv_header_sys_types_h=yes
ac_cv_header_unistd_h=yes
ac_cv_host=x86_64-pc-linux-gnu
ac_cv_lib_pthread_pthread_create=yes
ac_cv_objext=o
ac_cv_path_EGREP='/usr/bin/grep -E'
ac_cv_path_FGREP='/usr/bin/grep -F'
ac_cv_path_GREP=/usr/bin/grep
ac_cv_path_SED=/usr/bin/sed
ac_cv_path_ac_pt_PKG_CONFIG=/usr/bin/pkg-config
ac_cv_path_install='/usr/bin/install -c'
ac_cv_path_lt_DD=/usr/bin/dd
ac_cv_path_mkdir=/usr/bin/mkdir
ac_cv_prog_AWK=gawk
ac_cv_prog_CPP='gcc -E'
ac_cv_prog_CXXCPP='g++ -E'
ac_cv_prog_ac_ct_AR=ar
ac_cv_prog_ac_ct_CC=gcc
ac_cv_prog_ac_ct_CXX=g++
ac_cv_prog_ac_ct_OBJDUMP=objdump
ac_cv_prog_ac_ct_RANLIB=ranlib
ac_cv_prog_ac_ct_STRIP=strip
ac_cv_prog_cc_c89=
ac_cv_prog_cc_g=yes
ac_cv_prog_cxx_g=yes
ac_cv_prog_make_make_set=yes
am_cv_CC_dependencies_compiler_type=gcc3
am_cv_CXX_dependencies_compiler_type=gcc3
am_cv_ar_interface=ar
am_cv_make_support_nested_variables=yes
am_cv_prog_cc_c_o=yes
lt_cv_ar_at_file=@
lt_cv_archive_cmds_need_lc=no
lt_cv_deplibs_check_method=pass_all
lt_cv_file_magic_cmd='$MAGIC_CMD'
lt_cv_file_magic_test_file=
lt_cv_ld_reload_flag=-r
lt_cv_nm_interface='BSD nm'
lt_cv_objdir=.libs
lt_cv_path_LD=/usr/bin/ld
lt_cv_path_LDCXX='/usr/bin/ld -m elf_x86_64'
lt_cv_path_NM='/usr/bin/nm -B'
lt_cv_path_mainfest_tool=no
lt_cv_prog_compiler_c_o=yes
lt_cv_prog_compiler_c_o_CXX=yes
lt_cv_prog_compiler_pic='-fPIC -DPIC'
lt_cv_prog_compiler_pic_CXX='-fPIC -DPIC'
lt_cv_prog_compiler_pic_works=yes
lt_cv_prog_compiler_pic_works_CXX=yes
lt_cv_prog_compiler_rtti_exceptions=no
lt_cv_prog_compiler_static_works=no
lt_cv_prog_compiler_static_works_CXX=no
lt_cv_prog_gnu_ld=yes
lt_cv_prog_gnu_ldcxx=yes
lt_cv_sharedlib_from_linklib_cmd='printf %s\n'
lt_cv_shlibpath_overrides_runpath=no
lt_cv_sys_global_symbol_pipe='sed -n -e '\''s/^.*[	 ]\([ABCDGIRSTW][ABCDGIRSTW]*\)[	 ][	 ]*\([_A-Za-z][_A-Za-z0-9]*\)$/\1 \2 \2/p'\'' | sed '\''/ __gnu_lto/d'\'''
lt_cv_sys_global_symbol_to_c_name_address='sed -n -e '\''s/^: \(.*\) .*$/  {"\1", (void *) 0},/p'\'' -e '\''s/^[ABCDGIRSTW][ABCDGIRSTW]* .* \(.*\)$/  {"\1", (void *) \&\1},/p'\'''
lt_cv_sys_global_symbol_to_c_name_address_lib_prefix='sed -n -e '\''s/^: \(.*\) .*$/  {"\1", (void *) 0},/p'\'' -e '\''s/^[ABCDGIRSTW][ABCDGIRSTW]* .* \(lib.*\)$/  {"\1", (void *) \&\1},/p'\'' -e '\''s/^[ABCDGIRSTW][ABCDGIRSTW]* .* \(.*\)$/  {"lib\1", (void *) \&\1},/p'\'''
lt_cv_sys_global_symbol_to_cdecl='sed -n -e '\''s/^T .* \(.*\)$/extern int \1();/p'\'' -e '\''s/^[ABCDGIRSTW][ABCDGIRSTW]* .* \(.*\)$/extern char \1;/p'\'''
lt_cv_sys_global_symbol_to_import=
lt_cv_sys_max_cmd_len=1572864
lt_cv_to_host_file_cmd=func_convert_file_noop
lt_cv_to_tool_file_cmd=func_convert_file_noop
lt_cv_truncate_bin='/usr/bin/dd bs=4096 count=1'
pkg_cv_LIBNL_CFLAGS='-I/usr/include/libnl3 '
pkg_cv_LIBNL_LIBS='-lnl-genl-3 -lnl-3 '

## ----------------- ##
## Output variables. ##
## ----------------- ##

ACLOCAL='${SHELL} /work/autofs/work/usip/usip.git/lib/missing aclocal-1.15'
AMDEPBACKSLASH='\'
AMDEP_FALSE='#'
AMDEP_TRUE=''
AMTAR='$${TAR-tar}'
AM_BACKSLASH='\'
AM_DEFAULT_V='$(AM_DEFAULT_VERBOSITY)'
AM_DEFAULT_VERBOSITY='1'
AM_V='$(V)'
AR='ar'
AUTOCONF='${SHELL} /work/autofs/work/usip/usip.git/lib/missing autoconf'
AUTOHEADER='${SHELL} /work/autofs/work/usip/usip.git/lib/missing autoheader'
AUTOMAKE='${SHELL} /work/autofs/work/usip/usip.git/lib/missing automake-1.15'
AWK='gawk'
CC='gcc'
CCDEPMODE='depmode=gcc3'
CFLAGS='-g -O2'
CPP='gcc -E'
CPPFLAGS=''
CXX='g++'
CXXCPP='g++ -E'
CXXDEPMODE='depmode=gcc3'
CXXFLAGS='-g -O2'
CYGPATH_W='echo'
DEFS='-DHAVE_CONFIG_H'
DEPDIR='.deps'
DLLTOOL='false'
DSYMUTIL=''
DUMPBIN=''
ECHO_C=''
ECHO_N='-n'
ECHO_T=''
EGREP='/usr/bin/grep -E'
EXEEXT=''
FGREP='/usr/bin/grep -F'
GREP='/usr/bin/grep'
INSTALL_DATA='${INSTALL} -m 644'
INSTALL_PROGRAM='${INSTALL}'
INSTALL_SCRIPT='${INSTALL}'
INSTALL_STRIP_PROGRAM='$(install_sh) -c -s'
LD='/usr/bin/ld -m elf_x86_64'
LDFLAGS=''
LIBNL_CFLAGS='-I/usr/include/libnl3 '
LIBNL_LIBS='-lnl-genl-3 -lnl-3 '
LIBOBJS=''
LIBS='-lpthread '
LIBTOOL='$(SHELL) $(top_builddir)/libtool'
LIPO=''
LN_S='ln -s'
LTLIBOBJS=''
LT_SYS_LIBRARY_PATH=''
MAKEINFO='${SHELL} /work/autofs/work/usip/usip.git/lib/missing makeinfo'
MANIFEST_TOOL=':'
MKDIR_P='/usr/bin/mkdir -p'
NM='/usr/bin/nm -B'
NMEDIT=''
OBJDUMP='objdump'
OBJEXT='o'
OTOOL64=''
OTOOL=''
PACKAGE='usip'
PACKAGE_BUGREPORT=''
PACKAGE_NAME='usip'
PACKAGE_STRING='usip 1.0.0'
PACKAGE_TARNAME='usip'
PACKAGE_URL=''
PACKAGE_VERSION='1.0.0'
PATH_SEPARATOR=':'
PKG_CONFIG='/usr/bin/pkg-config'
PKG_CONFIG_LIBDIR=''
PKG_CONFIG_PATH=''
RANLIB='ranlib'
SED='/usr/bin/sed'
SET_MAKE=''
SHELL='/bin/sh'
STRIP='strip'
VERSION='1.0.0'
ac_ct_AR='ar'
ac_ct_CC='gcc'
ac_ct_CXX='g++'
ac_ct_DUMPBIN=''
am__EXEEXT_FALSE=''
am__EXEEXT_TRUE='#'
am__fastdepCC_FALSE='#'
am__fastdepCC_TRUE=''
am__fastdepCXX_FALSE='#'
am__fastdepCXX_TRUE=''
am__include='include'
am__isrc=''
am__leading_dot='.'
am__nodep='_no'
am__quote=''
am__tar='$${TAR-tar} chof - "$$tardir"'
am__untar='$${TAR-tar} xf -'
bindir='${exec_prefix}/bin'
build='x86_64-pc-linux-gnu'
build_alias=''
build_cpu='x86_64'
build_os='linux-gnu'
build_vendor='pc'
datadir='${datarootdir}'
datarootdir='${prefix}/share'
docdir='${datarootdir}/doc/${PACKAGE_TARNAME}'
dvidir='${docdir}'
exec_prefix='${prefix}'
host='x86_64-pc-linux-gnu'
host_alias=''
host_cpu='x86_64'
host_os='linux-gnu'
host_vendor='pc'
htmldir='${docdir}'
includedir='${prefix}/include'
infodir='${datarootdir}/info'
install_sh='${SHELL} /work/autofs/work/usip/usip.git/lib/install-sh'
libdir='${exec_prefix}/lib'
libexecdir='${exec_prefix}/libexec'
localedir='${datarootdir}/locale'
localstatedir='${prefix}/var'
mandir='${datarootdir}/man'
mkdir_p='$(MKDIR_P)'
oldincludedir='/usr/include'
pdfdir='${docdir}'
prefix='/usr/local'
program_transform_name='s,x,x,'
psdir='${docdir}'
sbindir='${exec_prefix}/sbin'
sharedstatedir='${prefix}/com'
sysconfdir='${prefix}/etc'
target_alias=''

## ----------- ##
## confdefs.h. ##
## ----------- ##

/* confdefs.h */
#define PACKAGE_NAME "usip"
#define PACKAGE_TARNAME "usip"
#define PACKAGE_VERSION "1.0.0"
#define PACKAGE_STRING "usip 1.0.0"
#define PACKAGE_BUGREPORT ""
#define PACKAGE_URL ""
#define PACKAGE "usip"
#define VERSION "1.0.0"
#define STDC_HEADERS 1
#define HAVE_SYS_TYPES_H 1
#define HAVE_SYS_STAT_H 1
#define HAVE_STDLIB_H 1
#define HAVE_STRING_H 1
#define HAVE_MEMORY_H 1
#define HAVE_STRINGS_H 1
#define HAVE_INTTYPES_H 1
#define HAVE_STDINT_H 1
#define HAVE_UNISTD_H 1
#define HAVE_DLFCN_H 1
#define LT_OBJDIR ".libs/"
#define HAVE_LIBPTHREAD 1
#define HAVE_FCNTL_H 1
#define HAVE_STDLIB_H 1
#define HAVE_ERRNO_H 1
#define HAVE_STRING_H 1
#define HAVE_UNISTD_H 1
#define HAVE_STDBOOL_H 1
#define HAVE_STDLIB_H 1
#define HAVE_MALLOC 1
#define HAVE_STRERROR 1

configure: exit 0

## ---------------------- ##
## Running config.status. ##
## ---------------------- ##

This file was extended by usip config.status 1.0.0, which was
generated by GNU Autoconf 2.69.  Invocation command line was

  CONFIG_FILES    = 
  CONFIG_HEADERS  = 
  CONFIG_LINKS    = 
  CONFIG_COMMANDS = 
  $ ./config.status 

on pluto

config.status:1165: creating Makefile
config.status:1165: creating include/Makefile
config.status:1165: creating src/Makefile
config.status:1165: creating libusip.pc
config.status:1165: creating include/config.h
config.status:1346: include/config.h is unchanged
config.status:1394: executing depfiles commands
config.status:1394: executing libtool commands

## ---------------------- ##
## Running config.status. ##
## ---------------------- ##

This file was extended by usip config.status 1.0.0, which was
generated by GNU Autoconf 2.69.  Invocation command line was

  CONFIG_FILES    = 
  CONFIG_HEADERS  = 
  CONFIG_LINKS    = 
  CONFIG_COMMANDS = 
  $ ./config.status include/config.h

on pluto

config.status:1165: creating include/config.h
config.status:1346: include/config.h is unchanged

## ---------------------- ##
## Running config.status. ##
## ---------------------- ##

This file was extended by usip config.status 1.0.0, which was
generated by GNU Autoconf 2.69.  Invocation command line was

  CONFIG_FILES    = 
  CONFIG_HEADERS  = 
  CONFIG_LINKS    = 
  CONFIG_COMMANDS = 
  $ ./config.status libusip.pc

on pluto

config.status:1165: creating libusip.pc

## ---------------------- ##
## Running config.status. ##
## ---------------------- ##

This file was extended by usip config.status 1.0.0, which was
generated by GNU Autoconf 2.69.  Invocation command line was

  CONFIG_FILES    = 
  CONFIG_HEADERS  = 
  CONFIG_LINKS    = 
  CONFIG_COMMANDS = 
  $ ./config.status libusip.pc

on pluto

config.status:1165: creating libusip.pc

## ---------------------- ##
## Running config.status. ##
## ---------------------- ##

This file was extended by usip config.status 1.0.0, which was
generated by GNU Autoconf 2.69.  Invocation command line was

  CONFIG_FILES    = 
  CONFIG_HEADERS  = 
  CONFIG_LINKS    = 
  CONFIG_COMMANDS = 
  $ ./config.status libusip.pc

on pluto

config.status:1165: creating libusip.pc

## ---------------------- ##
## Running config.status. ##
## ---------------------- ##

This file was extended by usip config.status 1.0.0, which was
generated by GNU Autoconf 2.69.  Invocation command line was

  CONFIG_FILES    = 
  CONFIG_HEADERS  = 
  CONFIG_LINKS    = 
  CONFIG_COMMANDS = 
  $ ./config.status libusip.pc

on pluto

config.status:1165: creating libusip.pc

## ---------------------- ##
## Running config.status. ##
## ---------------------- ##

This file was extended by usip config.status 1.0.0, which was
generated by GNU Autoconf 2.69.  Invocation command line was

  CONFIG_FILES    = 
  CONFIG_HEADERS  = 
  CONFIG_LINKS    = 
  CONFIG_COMMANDS = 
  $ ./config.status libusip.pc

on pluto

config.status:1165: creating libusip.pc

## ---------------------- ##
## Running config.status. ##
## ---------------------- ##

This file was extended by usip config.status 1.0.0, which was
generated by GNU Autoconf 2.69.  Invocation command line was

  CONFIG_FILES    = 
  CONFIG_HEADERS  = 
  CONFIG_LINKS    = 
  CONFIG_COMMANDS = 
  $ ./config.status libusip.pc

on pluto

config.status:1165: creating libusip.pc

## ---------------------- ##
## Running config.status. ##
## ---------------------- ##

This file was extended by usip config.status 1.0.0, which was
generated by GNU Autoconf 2.69.  Invocation command line was

  CONFIG_FILES    = 
  CONFIG_HEADERS  = 
  CONFIG_LINKS    = 
  CONFIG_COMMANDS = 
  $ ./config.status libusip.pc

on pluto

config.status:1165: creating libusip.pc

## ---------------------- ##
## Running config.status. ##
## ---------------------- ##

This file was extended by usip config.status 1.0.0, which was
generated by GNU Autoconf 2.69.  Invocation command line was

  CONFIG_FILES    = 
  CONFIG_HEADERS  = 
  CONFIG_LINKS    = 
  CONFIG_COMMANDS = 
  $ ./config.status libusip.pc

on pluto

config.status:1165: creating libusip.pc

## ---------------------- ##
## Running config.status. ##
## ---------------------- ##

This file was extended by usip config.status 1.0.0, which was
generated by GNU Autoconf 2.69.  Invocation command line was

  CONFIG_FILES    = 
  CONFIG_HEADERS  = 
  CONFIG_LINKS    = 
  CONFIG_COMMANDS = 
  $ ./config.status libusip.pc

on pluto

config.status:1165: creating libusip.pc

## ---------------------- ##
## Running config.status. ##
## ---------------------- ##

This file was extended by usip config.status 1.0.0, which was
generated by GNU Autoconf 2.69.  Invocation command line was

  CONFIG_FILES    = 
  CONFIG_HEADERS  = 
  CONFIG_LINKS    = 
  CONFIG_COMMANDS = 
  $ ./config.status libusip.pc

on pluto

config.status:1165: creating libusip.pc

## ---------------------- ##
## Running config.status. ##
## ---------------------- ##

This file was extended by usip config.status 1.0.0, which was
generated by GNU Autoconf 2.69.  Invocation command line was

  CONFIG_FILES    = 
  CONFIG_HEADERS  = 
  CONFIG_LINKS    = 
  CONFIG_COMMANDS = 
  $ ./config.status libusip.pc

on pluto

config.status:1165: creating libusip.pc

## ---------------------- ##
## Running config.status. ##
## ---------------------- ##

This file was extended by usip config.status 1.0.0, which was
generated by GNU Autoconf 2.69.  Invocation command line was

  CONFIG_FILES    = 
  CONFIG_HEADERS  = 
  CONFIG_LINKS    = 
  CONFIG_COMMANDS = 
  $ ./config.status libusip.pc

on pluto

config.status:1165: creating libusip.pc
